crowdfunding/bin/outputs/logs/manifest-merger-debug-report.txt
-- Merging decision tree log ---
manifest
ADDED from src\main\AndroidManifest.xml:2:1-96:12
	package
		ADDED from src\main\AndroidManifest.xml:3:5-48
		INJECTED from src\main\AndroidManifest.xml
		INJECTED from src\main\AndroidManifest.xml
	android:versionName
		INJECTED from src\main\AndroidManifest.xml
		INJECTED from src\main\AndroidManifest.xml
	xmlns:android
		ADDED from src\main\AndroidManifest.xml:2:11-69
	android:versionCode
		INJECTED from src\main\AndroidManifest.xml
		INJECTED from src\main\AndroidManifest.xml
uses-permission#android.permission.INTERNET
ADDED from src\main\AndroidManifest.xml:5:5-67
	android:name
		ADDED from src\main\AndroidManifest.xml:5:22-64
uses-permission#android.permission.READ_EXTERNAL_STORAGE
ADDED from src\main\AndroidManifest.xml:7:5-80
	android:name
		ADDED from src\main\AndroidManifest.xml:7:22-77
uses-permission#android.permission.WRITE_EXTERNAL_STORAGE
ADDED from src\main\AndroidManifest.xml:8:5-81
	android:name
		ADDED from src\main\AndroidManifest.xml:8:22-78
application
ADDED from src\main\AndroidManifest.xml:10:5-94:19
MERGED from [com.android.support:design:25.1.0] AndroidManifest.xml:25:5-20
MERGED from [com.android.support:transition:25.1.0] AndroidManifest.xml:22:5-20
MERGED from [com.android.support:palette-v7:25.1.0] AndroidManifest.xml:22:5-23:19
MERGED from [com.android.support.constraint:constraint-layout:1.0.2] AndroidManifest.xml:9:5-20
MERGED from [com.android.support:appcompat-v7:25.1.0] AndroidManifest.xml:25:5-20
MERGED from [com.android.support:support-v4:25.1.0] AndroidManifest.xml:25:5-20
MERGED from [com.android.support:support-fragment:25.1.0] AndroidManifest.xml:25:5-20
MERGED from [com.android.support:support-media-compat:25.1.0] AndroidManifest.xml:25:5-20
MERGED from [com.android.support:support-core-ui:25.2.0] AndroidManifest.xml:25:5-20
MERGED from [com.android.support:support-core-utils:25.1.0] AndroidManifest.xml:25:5-20
MERGED from [com.android.support:animated-vector-drawable:25.1.0] AndroidManifest.xml:22:5-20
MERGED from [com.android.support:support-vector-drawable:25.1.0] AndroidManifest.xml:23:5-20
MERGED from [com.android.support:support-compat:25.2.0] AndroidManifest.xml:25:5-20
	android:label
		ADDED from src\main\AndroidManifest.xml:14:9-37
	android:supportsRtl
		ADDED from src\main\AndroidManifest.xml:15:9-35
	android:allowBackup
		ADDED from src\main\AndroidManifest.xml:12:9-35
	android:icon
		ADDED from src\main\AndroidManifest.xml:13:9-36
	android:theme
		ADDED from src\main\AndroidManifest.xml:16:9-40
	android:name
		ADDED from src\main\AndroidManifest.xml:11:9-61
activity#com.issp.association.crowdfunding.MainActivity
ADDED from src\main\AndroidManifest.xml:18:9-26:20
	android:exported
		ADDED from src\main\AndroidManifest.xml:20:13-36
	android:name
		ADDED from src\main\AndroidManifest.xml:19:13-41
intent-filter#android.intent.action.MAIN+android.intent.category.LAUNCHER
ADDED from src\main\AndroidManifest.xml:21:13-25:29
action#android.intent.action.MAIN
ADDED from src\main\AndroidManifest.xml:22:17-69
	android:name
		ADDED from src\main\AndroidManifest.xml:22:25-66
category#android.intent.category.LAUNCHER
ADDED from src\main\AndroidManifest.xml:24:17-77
	android:name
		ADDED from src\main\AndroidManifest.xml:24:27-74
activity#com.issp.association.crowdfunding.ui.activity.AddShippingAddressActivity
ADDED from src\main\AndroidManifest.xml:28:9-30:39
	android:exported
		ADDED from src\main\AndroidManifest.xml:30:13-36
	android:name
		ADDED from src\main\AndroidManifest.xml:29:13-67
activity#com.issp.association.crowdfunding.ui.activity.AddSupportProjectActivity
ADDED from src\main\AndroidManifest.xml:31:9-33:39
	android:exported
		ADDED from src\main\AndroidManifest.xml:33:13-36
	android:name
		ADDED from src\main\AndroidManifest.xml:32:13-66
activity#com.issp.association.crowdfunding.ui.activity.ManagementShippingAddressActivity
ADDED from src\main\AndroidManifest.xml:34:9-36:39
	android:exported
		ADDED from src\main\AndroidManifest.xml:36:13-36
	android:name
		ADDED from src\main\AndroidManifest.xml:35:13-74
activity#com.issp.association.crowdfunding.ui.activity.MessageActivity
ADDED from src\main\AndroidManifest.xml:37:9-39:39
	android:exported
		ADDED from src\main\AndroidManifest.xml:39:13-36
	android:name
		ADDED from src\main\AndroidManifest.xml:38:13-56
activity#com.issp.association.crowdfunding.ui.activity.MinProductActivity
ADDED from src\main\AndroidManifest.xml:40:9-42:39
	android:exported
		ADDED from src\main\AndroidManifest.xml:42:13-36
	android:name
		ADDED from src\main\AndroidManifest.xml:41:13-59
activity#com.issp.association.crowdfunding.ui.activity.OrderDetailActivity
ADDED from src\main\AndroidManifest.xml:43:9-45:39
	android:exported
		ADDED from src\main\AndroidManifest.xml:45:13-36
	android:name
		ADDED from src\main\AndroidManifest.xml:44:13-60
activity#com.issp.association.crowdfunding.ui.activity.ProductCommentActivity
ADDED from src\main\AndroidManifest.xml:46:9-48:39
	android:exported
		ADDED from src\main\AndroidManifest.xml:48:13-36
	android:name
		ADDED from src\main\AndroidManifest.xml:47:13-63
activity#com.issp.association.crowdfunding.ui.activity.ProductParticularsActivity
ADDED from src\main\AndroidManifest.xml:49:9-56:20
	android:exported
		ADDED from src\main\AndroidManifest.xml:51:13-36
	android:name
		ADDED from src\main\AndroidManifest.xml:50:13-67
intent-filter#android.intent.category.DEFAULT+com.issp.association.crowdfunding.ui.activity.ProductParticularsActivity
ADDED from src\main\AndroidManifest.xml:52:13-55:29
action#com.issp.association.crowdfunding.ui.activity.ProductParticularsActivity
ADDED from src\main\AndroidManifest.xml:53:17-115
	android:name
		ADDED from src\main\AndroidManifest.xml:53:25-112
category#android.intent.category.DEFAULT
ADDED from src\main\AndroidManifest.xml:54:17-76
	android:name
		ADDED from src\main\AndroidManifest.xml:54:27-73
activity#com.issp.association.crowdfunding.ui.activity.SupportProductActivity
ADDED from src\main\AndroidManifest.xml:57:9-59:39
	android:exported
		ADDED from src\main\AndroidManifest.xml:59:13-36
	android:name
		ADDED from src\main\AndroidManifest.xml:58:13-63
activity#com.issp.association.crowdfunding.ui.activity.FeedForCommentActivity
ADDED from src\main\AndroidManifest.xml:60:9-62:39
	android:exported
		ADDED from src\main\AndroidManifest.xml:62:13-36
	android:name
		ADDED from src\main\AndroidManifest.xml:61:13-63
activity#com.issp.association.crowdfunding.ui.activity.AddCrowdFundingActivity
ADDED from src\main\AndroidManifest.xml:63:9-65:39
	android:exported
		ADDED from src\main\AndroidManifest.xml:65:13-36
	android:name
		ADDED from src\main\AndroidManifest.xml:64:13-64
activity#com.issp.association.crowdfunding.ui.activity.ProductIDCardActivity
ADDED from src\main\AndroidManifest.xml:66:9-68:39
	android:exported
		ADDED from src\main\AndroidManifest.xml:68:13-36
	android:name
		ADDED from src\main\AndroidManifest.xml:67:13-62
activity#com.issp.association.crowdfunding.ui.activity.AddCommodityActivity
ADDED from src\main\AndroidManifest.xml:69:9-71:39
	android:exported
		ADDED from src\main\AndroidManifest.xml:71:13-36
	android:name
		ADDED from src\main\AndroidManifest.xml:70:13-61
activity#com.issp.association.crowdfunding.ui.activity.TextDetailsActivity
ADDED from src\main\AndroidManifest.xml:72:9-74:39
	android:exported
		ADDED from src\main\AndroidManifest.xml:74:13-36
	android:name
		ADDED from src\main\AndroidManifest.xml:73:13-60
activity#com.issp.association.crowdfunding.ui.activity.GraphicDetailsActivity
ADDED from src\main\AndroidManifest.xml:75:9-77:39
	android:exported
		ADDED from src\main\AndroidManifest.xml:77:13-36
	android:name
		ADDED from src\main\AndroidManifest.xml:76:13-63
activity#cn.finalteam.rxgalleryfinal.ui.activity.MediaActivity
ADDED from src\main\AndroidManifest.xml:80:9-83:52
	android:screenOrientation
		ADDED from src\main\AndroidManifest.xml:83:13-49
	android:exported
		ADDED from src\main\AndroidManifest.xml:82:13-36
	android:name
		ADDED from src\main\AndroidManifest.xml:81:13-81
activity#com.yalantis.ucrop.UCropActivity
ADDED from src\main\AndroidManifest.xml:84:9-86:52
	android:screenOrientation
		ADDED from src\main\AndroidManifest.xml:86:13-49
	android:name
		ADDED from src\main\AndroidManifest.xml:85:13-60
meta-data#design_width
ADDED from src\main\AndroidManifest.xml:88:9-90:35
	android:value
		ADDED from src\main\AndroidManifest.xml:90:13-32
	android:name
		ADDED from src\main\AndroidManifest.xml:89:13-40
meta-data#design_height
ADDED from src\main\AndroidManifest.xml:91:9-93:36
	android:value
		ADDED from src\main\AndroidManifest.xml:93:13-33
	android:name
		ADDED from src\main\AndroidManifest.xml:92:13-41
uses-sdk
INJECTED from src\main\AndroidManifest.xml reason: use-sdk injection requested
MERGED from [com.android.support:design:25.1.0] AndroidManifest.xml:21:5-23:62
MERGED from [com.android.support:transition:25.1.0] AndroidManifest.xml:20:5-44
MERGED from [com.android.support:palette-v7:25.1.0] AndroidManifest.xml:20:5-43
MERGED from [com.android.support.constraint:constraint-layout:1.0.2] AndroidManifest.xml:5:5-7:41
MERGED from [com.zhy:okhttputils:2.6.2] AndroidManifest.xml:7:5-9:41
MERGED from [com.youth.banner:banner:1.4.9] AndroidManifest.xml:7:5-9:41
MERGED from [com.contrarywind:Android-PickerView:3.0.7] AndroidManifest.xml:7:5-9:41
MERGED from [com.zhy:autolayout:1.4.5] AndroidManifest.xml:8:5-10:41
MERGED from [com.huxq17.xrefreshview:xrefreshview:3.6.2] AndroidManifest.xml:8:5-10:41
MERGED from [com.jakewharton:butterknife:8.5.1] AndroidManifest.xml:5:5-43
MERGED from [jp.wasabeef:richeditor-android:1.2.2] AndroidManifest.xml:8:5-10:41
MERGED from [cn.finalteam.rxgalleryfinal:library:0.0.9] AndroidManifest.xml:7:5-9:41
MERGED from [io.reactivex:rxandroid:1.2.1] AndroidManifest.xml:19:5-43
MERGED from [com.android.support:recyclerview-v7:25.2.0] AndroidManifest.xml:20:5-43
MERGED from [com.android.support:appcompat-v7:25.1.0] AndroidManifest.xml:21:5-23:78
MERGED from [com.android.support:support-v4:25.1.0] AndroidManifest.xml:21:5-23:54
MERGED from [com.android.support:support-fragment:25.1.0] AndroidManifest.xml:21:5-23:60
MERGED from [com.android.support:support-media-compat:25.1.0] AndroidManifest.xml:21:5-23:63
MERGED from [com.android.support:support-core-ui:25.2.0] AndroidManifest.xml:21:5-23:58
MERGED from [com.android.support:support-core-utils:25.1.0] AndroidManifest.xml:21:5-23:61
MERGED from [com.android.support:animated-vector-drawable:25.1.0] AndroidManifest.xml:20:5-44
MERGED from [com.android.support:support-vector-drawable:25.1.0] AndroidManifest.xml:21:5-43
MERGED from [com.android.support:support-compat:25.2.0] AndroidManifest.xml:21:5-23:58
	tools:overrideLibrary
		ADDED from [com.android.support:design:25.1.0] AndroidManifest.xml:23:9-59
	android:targetSdkVersion
		INJECTED from src\main\AndroidManifest.xml
		INJECTED from src\main\AndroidManifest.xml
	android:minSdkVersion
		INJECTED from src\main\AndroidManifest.xml
		INJECTED from src\main\AndroidManifest.xml